<?xml version="1.0" encoding="UTF-8"?>
<!-- Generated by org.testng.reporters.JUnitReportReporter -->
<testsuite hostname="DESKTOP-GIOSOTT" failures="0" tests="3" name="pac1.ContactTest" time="0.013" errors="0" timestamp="2025-03-07T17:18:48 IST" skipped="0">
  <testcase classname="pac1.ContactTest" name="createContactTest" time="0.011"/>
  <system-out/>
  <testcase classname="pac1.ContactTest" name="deleteContactTest" time="0.001"/>
  <system-out/>
  <testcase classname="pac1.ContactTest" name="modifyContactTest" time="0.001"/>
  <system-out/>
</testsuite> <!-- pac1.ContactTest -->
