<?xml version="1.0" encoding="UTF-8"?>
<!-- Generated by org.testng.reporters.JUnitReportReporter -->
<testsuite hostname="DESKTOP-GIOSOTT" failures="0" tests="2" name="pac2.copy.orgTest" time="0.008" errors="0" timestamp="2025-03-07T11:34:24 IST" skipped="0">
  <testcase classname="pac2.copy.orgTest" name="modifyOrgTest" time="0.001"/>
  <system-out/>
  <testcase classname="pac2.copy.orgTest" name="createOrgTest" time="0.007"/>
  <system-out/>
</testsuite> <!-- pac2.copy.orgTest -->
